  Building Custom Rule C:/CG/CG/Fase1/src/CMakeLists.txt
  generator.cpp
  point.cpp
  plane.cpp
  box.cpp
  vector.cpp
  sphere.cpp
C:\CG\CG\Fase1\src\sphere.cpp(17,13): warning C4244: 'initializing': conversion from 'double' to 'float', possible loss of data
C:\CG\CG\Fase1\src\sphere.cpp(18,14): warning C4244: 'initializing': conversion from 'double' to 'float', possible loss of data
C:\CG\CG\Fase1\src\sphere.cpp(23,56): warning C4244: 'argument': conversion from 'double' to 'float', possible loss of data
C:\CG\CG\Fase1\src\sphere.cpp(24,60): warning C4244: 'argument': conversion from 'double' to 'float', possible loss of data
C:\CG\CG\Fase1\src\sphere.cpp(30,57): warning C4244: 'argument': conversion from 'double' to 'float', possible loss of data
C:\CG\CG\Fase1\src\sphere.cpp(31,63): warning C4244: 'argument': conversion from 'double' to 'float', possible loss of data
  sphericalpoint.cpp
  cone.cpp
C:\CG\CG\Fase1\src\cone.cpp(18,13): warning C4244: 'initializing': conversion from 'double' to 'float', possible loss of data
C:\CG\CG\Fase1\src\cone.cpp(31,16): warning C4244: 'argument': conversion from 'int' to 'float', possible loss of data
C:\CG\CG\Fase1\src\cone.cpp(33,16): warning C4244: 'argument': conversion from 'int' to 'float', possible loss of data
  Generating Code...
  generator.vcxproj -> C:\CG\CG\Fase1\src\build\Release\generator.exe
